<?xml version="1.0" encoding="UTF-8"?>
<!-- Generated by org.testng.reporters.JUnitReportReporter -->
<testsuite hostname="TYSS-Sumanth-Chinivar" failures="0" tests="2" name="TestNG.UsingAtTestAnnotation1" time="0.008" errors="0" timestamp="2024-01-11T11:22:41 IST" skipped="0">
  <testcase classname="TestNG.UsingAtTestAnnotation1" name="happy" time="0.001"/>
  <testcase classname="TestNG.UsingAtTestAnnotation1" name="demo" time="0.007"/>
</testsuite> <!-- TestNG.UsingAtTestAnnotation1 -->
