<?xml version="1.0" encoding="UTF-8"?>
<!-- Generated by org.testng.reporters.JUnitReportReporter -->
<testsuite hostname="TYSS-Sumanth-Chinivar" failures="0" tests="2" name="dataProvider.DemoWebShopTesting" time="0.011" errors="0" timestamp="2023-12-19T10:43:56 IST" skipped="0">
  <testcase classname="dataProvider.DemoWebShopTesting" name="Demo" time="0.008"/>
  <testcase classname="dataProvider.DemoWebShopTesting" name="Demo" time="0.003"/>
</testsuite> <!-- dataProvider.DemoWebShopTesting -->
