<?xml version="1.0" encoding="UTF-8"?>
<!-- Generated by org.testng.reporters.JUnitReportReporter -->
<testsuite hostname="TYSS-Sumanth-Chinivar" failures="0" tests="2" name="TestNG.DataProvider" time="0.016" errors="0" timestamp="2024-01-22T15:02:18 IST" skipped="0">
  <testcase classname="TestNG.DataProvider" name="login" time="0.007"/>
  <testcase classname="TestNG.DataProvider" name="login" time="0.009"/>
</testsuite> <!-- TestNG.DataProvider -->
