<?xml version="1.0" encoding="UTF-8"?>
<!-- Generated by org.testng.reporters.JUnitReportReporter -->
<testsuite hostname="TYSS-Sumanth-Chinivar" failures="0" tests="2" name="Laptop.HP" time="13.636" errors="0" timestamp="2024-01-11T12:36:04 IST" skipped="0">
  <testcase classname="Laptop.HP" name="startHP" time="2.322">
    <system-out>
      <![CDATA[HP opened]]>
    </system-out>
  </testcase> <!-- startHP -->
  <testcase classname="Laptop.HP" name="startHP" time="11.314">
    <system-out>
      <![CDATA[HP opened]]>
    </system-out>
  </testcase> <!-- startHP -->
  <system-out>
    <![CDATA[Running Acer
HP opened
Running lenovo
Running MI
Running Acer
HP opened
Running lenovo
Running MI]]>
  </system-out>
</testsuite> <!-- Laptop.HP -->
