<?xml version="1.0" encoding="UTF-8"?>
<!-- Generated by org.testng.reporters.JUnitReportReporter -->
<testsuite hostname="TYSS-Sumanth-Chinivar" failures="0" tests="1" name="TestNG.UsingAtTestAnnotation" time="4.229" errors="0" timestamp="2024-01-11T10:39:36 IST" skipped="0">
  <testcase classname="TestNG.UsingAtTestAnnotation" name="demo" time="4.229"/>
</testsuite> <!-- TestNG.UsingAtTestAnnotation -->
