<?xml version="1.0" encoding="UTF-8"?>
<!-- Generated by org.testng.reporters.JUnitReportReporter -->
<testsuite hostname="TYSS-Sumanth-Chinivar" failures="0" tests="6" name="Laptop.Acer" time="26.737" errors="0" timestamp="2024-01-11T12:36:04 IST" skipped="0">
  <testcase classname="Laptop.Acer" name="editAcer" time="0.002"/>
  <testcase classname="Laptop.Acer" name="editAcer" time="0.002"/>
  <testcase classname="Laptop.Acer" name="stopAcer" time="0.001"/>
  <testcase classname="Laptop.Acer" name="stopAcer" time="0.001"/>
  <testcase classname="Laptop.Acer" name="startAcer" time="19.915">
    <system-out>
      <![CDATA[Running Acer]]>
    </system-out>
  </testcase> <!-- startAcer -->
  <testcase classname="Laptop.Acer" name="startAcer" time="6.816">
    <system-out>
      <![CDATA[Running Acer]]>
    </system-out>
  </testcase> <!-- startAcer -->
  <system-out>
    <![CDATA[Running Acer
HP opened
Running lenovo
Running MI
Running Acer
HP opened
Running lenovo
Running MI]]>
  </system-out>
</testsuite> <!-- Laptop.Acer -->
