<?xml version="1.0" encoding="UTF-8"?>
<!-- Generated by org.testng.reporters.JUnitReportReporter -->
<testsuite hostname="TYSS-Sumanth-Chinivar" failures="0" tests="3" name="TestNG.LearningPriority" time="0.009" errors="0" timestamp="2024-01-11T10:48:03 IST" skipped="0">
  <testcase classname="TestNG.LearningPriority" name="kgf" time="0.007"/>
  <testcase classname="TestNG.LearningPriority" name="chamak" time="0.001"/>
  <testcase classname="TestNG.LearningPriority" name="masterPiece" time="0.001"/>
</testsuite> <!-- TestNG.LearningPriority -->
