<?xml version="1.0" encoding="UTF-8"?>
<!-- Generated by org.testng.reporters.JUnitReportReporter -->
<testsuite hostname="TYSS-Sumanth-Chinivar" failures="0" tests="2" name="Laptop.Dell" time="39.863" errors="0" timestamp="2024-01-11T12:36:04 IST" skipped="0">
  <testcase classname="Laptop.Dell" name="startDell" time="32.377"/>
  <testcase classname="Laptop.Dell" name="startDell" time="7.486"/>
  <system-out>
    <![CDATA[Running Acer
HP opened
Running lenovo
Running MI
Running Acer
HP opened
Running lenovo
Running MI]]>
  </system-out>
</testsuite> <!-- Laptop.Dell -->
