<?xml version="1.0" encoding="UTF-8"?>
<!-- Generated by org.testng.reporters.JUnitReportReporter -->
<testsuite hostname="TYSS-Sumanth-Chinivar" failures="0" tests="2" name="Laptop.Lenovo" time="4.352" errors="0" timestamp="2024-01-11T12:36:04 IST" skipped="0">
  <testcase classname="Laptop.Lenovo" name="startLenovo" time="2.176">
    <system-out>
      <![CDATA[Running lenovo]]>
    </system-out>
  </testcase> <!-- startLenovo -->
  <testcase classname="Laptop.Lenovo" name="startLenovo" time="2.176">
    <system-out>
      <![CDATA[Running lenovo]]>
    </system-out>
  </testcase> <!-- startLenovo -->
  <system-out>
    <![CDATA[Running Acer
HP opened
Running lenovo
Running MI
Running Acer
HP opened
Running lenovo
Running MI]]>
  </system-out>
</testsuite> <!-- Laptop.Lenovo -->
