<?xml version="1.0" encoding="UTF-8"?>
<!-- Generated by org.testng.reporters.JUnitReportReporter -->
<testsuite hostname="TYSS-Sumanth-Chinivar" failures="0" tests="2" name="Laptop.MI" time="2.346" errors="0" timestamp="2024-01-11T12:36:04 IST" skipped="0">
  <testcase classname="Laptop.MI" name="startMI" time="1.434">
    <system-out>
      <![CDATA[Running MI]]>
    </system-out>
  </testcase> <!-- startMI -->
  <testcase classname="Laptop.MI" name="startMI" time="0.912">
    <system-out>
      <![CDATA[Running MI]]>
    </system-out>
  </testcase> <!-- startMI -->
  <system-out>
    <![CDATA[Running Acer
HP opened
Running lenovo
Running MI
Running Acer
HP opened
Running lenovo
Running MI]]>
  </system-out>
</testsuite> <!-- Laptop.MI -->
