<?xml version="1.0" encoding="UTF-8"?>
<!-- Generated by org.testng.reporters.JUnitReportReporter -->
<testsuite hostname="TYSS-Sumanth-Chinivar" failures="0" tests="4" name="Laptop.ConfigurationAnnotations" time="0.016" errors="0" timestamp="2024-01-11T17:25:33 IST" skipped="0">
  <testcase classname="Laptop.ConfigurationAnnotations" name="sample" time="0.004"/>
  <testcase classname="Laptop.ConfigurationAnnotations" name="demo" time="0.003"/>
  <testcase classname="Laptop.ConfigurationAnnotations" name="sample" time="0.003"/>
  <testcase classname="Laptop.ConfigurationAnnotations" name="demo" time="0.006"/>
</testsuite> <!-- Laptop.ConfigurationAnnotations -->
