<?xml version="1.0" encoding="UTF-8"?>
<!-- Generated by org.testng.reporters.JUnitReportReporter -->
<testsuite hostname="TYSS-Sumanth-Chinivar" failures="0" tests="1" name="pen.Parker" time="7.205" errors="0" timestamp="2024-01-11T18:42:15 IST" skipped="0">
  <testcase classname="pen.Parker" name="write" time="7.205">
    <system-out>
      <![CDATA[Writing in  parker pen]]>
    </system-out>
  </testcase> <!-- write -->
  <system-out>
    <![CDATA[Writing in classmate pen
Writing in  parker pen
Writing in waterman pen]]>
  </system-out>
</testsuite> <!-- pen.Parker -->
